Date: 2013/01/15 11:35:52 File Check Start
Date: 2013/01/15 11:36:27 File Check End
Date: 2013/01/15 11:36:27 Account Check Start
Date: 2013/01/15 11:36:28 Account Check End
Date: 2013/01/15 11:36:28 safelog Start
Date: 2013/01/15 11:36:31 safelog End
Date: 2013/01/15 11:36:31 resort Start
Date: 2013/01/15 11:37:03 resort End
Date: 2013/01/15 11:37:03 Backup syslog and crontab(root) Start
Date: 2013/01/15 11:37:03 Backup syslog and crontab(root) End
Date: 2013/02/20 12:14:26 File Check Start
Date: 2013/02/20 12:14:45 File Check End
Date: 2013/02/20 12:14:45 Account Check Start
Date: 2013/02/20 12:14:46 Account Check End
Date: 2013/02/20 12:14:46 safelog Start
Date: 2013/02/20 12:14:50 safelog End
Date: 2013/02/20 12:14:50 resort Start
Date: 2013/02/20 12:14:58 resort End
Date: 2013/02/20 12:14:58 Backup syslog and crontab(root) Start
Date: 2013/02/20 12:14:58 Backup syslog and crontab(root) End
Date: 2013/02/20 12:29:59 File Check Start
Date: 2013/02/20 12:30:09 File Check End
Date: 2013/02/20 12:30:09 Account Check Start
Date: 2013/02/20 12:30:10 Account Check End
Date: 2013/02/20 12:30:10 safelog Start
Date: 2013/02/20 12:30:14 safelog End
Date: 2013/02/20 12:30:14 resort Start
Date: 2013/02/20 12:30:22 resort End
Date: 2013/02/20 12:30:22 Backup syslog and crontab(root) Start
Date: 2013/02/20 12:30:22 Backup syslog and crontab(root) End
Date: 2013/02/20 14:14:44 scp csv to Working LPAR Start
Date: 2013/02/20 14:14:49 scp csv to Working LPAR End
Date: 2013/02/20 14:48:07 File Check Start
Date: 2013/02/20 14:48:18 File Check End
Date: 2013/02/20 14:48:18 Account Check Start
Date: 2013/02/20 14:48:18 Account Check End
Date: 2013/02/20 14:48:18 safelog Start
Date: 2013/02/20 14:48:23 safelog End
Date: 2013/02/20 14:48:23 resort Start
Date: 2013/02/20 14:48:31 resort End
Date: 2013/02/20 14:48:31 Backup syslog and crontab(root) Start
Date: 2013/02/20 14:48:31 Backup syslog and crontab(root) End
Date: 2013/02/20 14:51:45 scp csv to Working LPAR Start
Date: 2013/02/20 14:51:50 scp csv to Working LPAR End
Date: 2013/02/20 15:05:31 File Check Start
Date: 2013/02/20 15:05:41 File Check End
Date: 2013/02/20 15:05:41 Account Check Start
Date: 2013/02/20 15:05:42 Account Check End
Date: 2013/02/20 15:05:42 safelog Start
Date: 2013/02/20 15:05:47 safelog End
Date: 2013/02/20 15:05:47 resort Start
Date: 2013/02/20 15:05:55 resort End
Date: 2013/02/20 15:05:55 Backup syslog and crontab(root) Start
Date: 2013/02/20 15:05:55 Backup syslog and crontab(root) End
Date: 2013/02/20 15:09:52 scp csv to Working LPAR Start
Date: 2013/02/20 15:09:57 scp csv to Working LPAR End
Date: 2013/02/20 15:24:29 File Check Start
Date: 2013/02/20 15:24:39 File Check End
Date: 2013/02/20 15:24:39 Account Check Start
Date: 2013/02/20 15:24:40 Account Check End
Date: 2013/02/20 15:24:40 safelog Start
Date: 2013/02/20 15:24:44 safelog End
Date: 2013/02/20 15:24:44 resort Start
Date: 2013/02/20 15:24:52 resort End
Date: 2013/02/20 15:24:52 Backup syslog and crontab(root) Start
Date: 2013/02/20 15:24:52 Backup syslog and crontab(root) End
Date: 2013/02/20 16:21:30 File Check Start
Date: 2013/02/20 16:21:40 File Check End
Date: 2013/02/20 16:21:40 Account Check Start
Date: 2013/02/20 16:21:41 Account Check End
Date: 2013/02/20 16:21:41 safelog Start
Date: 2013/02/20 16:21:45 safelog End
Date: 2013/02/20 16:21:45 resort Start
Date: 2013/02/20 16:21:53 resort End
Date: 2013/02/20 16:21:53 Backup syslog and crontab(root) Start
Date: 2013/02/20 16:21:53 Backup syslog and crontab(root) End
Date: 2013/02/20 16:30:01 scp csv to Working LPAR Start
Date: 2013/02/20 16:30:06 scp csv to Working LPAR End
Date: 2013/02/20 17:07:12 File Check Start
Date: 2013/02/20 17:07:22 File Check End
Date: 2013/02/20 17:07:22 Account Check Start
Date: 2013/02/20 17:07:23 Account Check End
Date: 2013/02/20 17:07:23 safelog Start
Date: 2013/02/20 17:07:27 safelog End
Date: 2013/02/20 17:07:27 resort Start
Date: 2013/02/20 17:07:35 resort End
Date: 2013/02/20 17:07:35 Backup syslog and crontab(root) Start
Date: 2013/02/20 17:07:35 Backup syslog and crontab(root) End
Date: 2013/02/20 17:17:01 scp csv to Working LPAR Start
Date: 2013/02/20 17:17:06 scp csv to Working LPAR End
Date: 2013/02/20 17:37:35 File Check Start
Date: 2013/02/20 17:37:45 File Check End
Date: 2013/02/20 17:37:45 Account Check Start
Date: 2013/02/20 17:37:46 Account Check End
Date: 2013/02/20 17:37:46 safelog Start
Date: 2013/02/20 17:37:50 safelog End
Date: 2013/02/20 17:37:50 resort Start
Date: 2013/02/20 17:37:58 resort End
Date: 2013/02/20 17:37:58 Backup syslog and crontab(root) Start
Date: 2013/02/20 17:37:58 Backup syslog and crontab(root) End
Date: 2013/02/20 18:12:27 scp csv to Working LPAR Start
Date: 2013/02/20 18:12:32 scp csv to Working LPAR End
Date: 2013/02/21 04:00:01 File Check Start
Date: 2013/02/21 04:00:10 File Check End
Date: 2013/02/21 04:00:10 Account Check Start
Date: 2013/02/21 04:00:11 Account Check End
Date: 2013/02/21 04:00:11 safelog Start
Date: 2013/02/21 04:00:16 safelog End
Date: 2013/02/21 04:00:16 resort Start
Date: 2013/02/21 04:04:54 resort End
Date: 2013/02/21 04:04:54 Backup syslog and crontab(root) Start
Date: 2013/02/21 04:04:54 Backup syslog and crontab(root) End
Date: 2013/02/21 05:00:00 scp csv to Working LPAR Start
Date: 2013/02/21 05:00:09 scp csv to Working LPAR End
Date: 2013/02/22 04:00:00 File Check Start
Date: 2013/02/22 04:00:11 File Check End
Date: 2013/02/22 04:00:11 Account Check Start
Date: 2013/02/22 04:00:12 Account Check End
Date: 2013/02/22 04:00:12 safelog Start
Date: 2013/02/22 04:00:16 safelog End
Date: 2013/02/22 04:00:16 resort Start
Date: 2013/02/22 04:01:24 resort End
Date: 2013/02/22 04:01:24 Backup syslog and crontab(root) Start
Date: 2013/02/22 04:01:25 Backup syslog and crontab(root) End
Date: 2013/02/22 05:00:00 scp csv to Working LPAR Start
Date: 2013/02/22 05:00:10 scp csv to Working LPAR End
Date: 2013/02/23 04:00:00 File Check Start
Date: 2013/02/23 04:00:11 File Check End
Date: 2013/02/23 04:00:11 Account Check Start
Date: 2013/02/23 04:00:12 Account Check End
Date: 2013/02/23 04:00:12 safelog Start
Date: 2013/02/23 04:00:17 safelog End
Date: 2013/02/23 04:00:17 resort Start
Date: 2013/02/23 04:00:42 resort End
Date: 2013/02/23 04:00:42 Backup syslog and crontab(root) Start
Date: 2013/02/23 04:00:42 Backup syslog and crontab(root) End
Date: 2013/02/23 05:00:00 scp csv to Working LPAR Start
Date: 2013/02/23 05:00:10 scp csv to Working LPAR End
Date: 2013/02/24 04:00:00 File Check Start
Date: 2013/02/24 04:00:10 File Check End
Date: 2013/02/24 04:00:10 Account Check Start
Date: 2013/02/24 04:00:11 Account Check End
Date: 2013/02/24 04:00:11 safelog Start
Date: 2013/02/24 04:00:15 safelog End
Date: 2013/02/24 04:00:15 resort Start
Date: 2013/02/24 04:00:23 resort End
Date: 2013/02/24 04:00:23 Backup syslog and crontab(root) Start
Date: 2013/02/24 04:00:23 Backup syslog and crontab(root) End
Date: 2013/02/24 05:00:00 scp csv to Working LPAR Start
Date: 2013/02/24 05:00:10 scp csv to Working LPAR End
Date: 2013/02/25 04:00:00 File Check Start
Date: 2013/02/25 04:00:10 File Check End
Date: 2013/02/25 04:00:10 Account Check Start
Date: 2013/02/25 04:00:11 Account Check End
Date: 2013/02/25 04:00:11 safelog Start
Date: 2013/02/25 04:00:15 safelog End
Date: 2013/02/25 04:00:15 resort Start
Date: 2013/02/25 04:00:23 resort End
Date: 2013/02/25 04:00:23 Backup syslog and crontab(root) Start
Date: 2013/02/25 04:00:23 Backup syslog and crontab(root) End
Date: 2013/02/25 05:00:00 scp csv to Working LPAR Start
Date: 2013/02/25 05:00:09 scp csv to Working LPAR End
Date: 2013/02/26 04:00:00 File Check Start
Date: 2013/02/26 04:00:12 File Check End
Date: 2013/02/26 04:00:12 Account Check Start
Date: 2013/02/26 04:00:12 Account Check End
Date: 2013/02/26 04:00:12 safelog Start
Date: 2013/02/26 04:00:17 safelog End
Date: 2013/02/26 04:00:17 resort Start
Date: 2013/02/26 04:00:25 resort End
Date: 2013/02/26 04:00:25 Backup syslog and crontab(root) Start
Date: 2013/02/26 04:00:25 Backup syslog and crontab(root) End
Date: 2013/02/26 05:00:01 scp csv to Working LPAR Start
Date: 2013/02/26 05:00:10 scp csv to Working LPAR End
Date: 2013/02/27 04:00:00 File Check Start
Date: 2013/02/27 04:00:09 File Check End
Date: 2013/02/27 04:00:09 Account Check Start
Date: 2013/02/27 04:00:10 Account Check End
Date: 2013/02/27 04:00:10 safelog Start
Date: 2013/02/27 04:00:15 safelog End
Date: 2013/02/27 04:00:15 resort Start
Date: 2013/02/27 04:02:01 resort End
Date: 2013/02/27 04:02:01 Backup syslog and crontab(root) Start
Date: 2013/02/27 04:02:01 Backup syslog and crontab(root) End
Date: 2013/02/27 05:00:00 scp csv to Working LPAR Start
Date: 2013/02/27 05:00:10 scp csv to Working LPAR End
Date: 2013/02/28 04:00:00 File Check Start
Date: 2013/02/28 04:00:10 File Check End
Date: 2013/02/28 04:00:10 Account Check Start
Date: 2013/02/28 04:00:10 Account Check End
Date: 2013/02/28 04:00:10 safelog Start
Date: 2013/02/28 04:00:15 safelog End
Date: 2013/02/28 04:00:15 resort Start
Date: 2013/02/28 04:02:02 resort End
Date: 2013/02/28 04:02:02 Backup syslog and crontab(root) Start
Date: 2013/02/28 04:02:02 Backup syslog and crontab(root) End
Date: 2013/02/28 05:00:00 scp csv to Working LPAR Start
Date: 2013/02/28 05:00:09 scp csv to Working LPAR End
Date: 2013/03/01 04:00:00 File Check Start
Date: 2013/03/01 04:00:10 File Check End
Date: 2013/03/01 04:00:10 Account Check Start
Date: 2013/03/01 04:00:10 Account Check End
Date: 2013/03/01 04:00:10 safelog Start
Date: 2013/03/01 04:00:15 safelog End
Date: 2013/03/01 04:00:15 resort Start
Date: 2013/03/01 04:00:23 resort End
Date: 2013/03/01 04:00:23 Backup syslog and crontab(root) Start
Date: 2013/03/01 04:00:23 Backup syslog and crontab(root) End
Date: 2013/03/01 05:00:00 scp csv to Working LPAR Start
Date: 2013/03/01 05:00:09 scp csv to Working LPAR End
Date: 2013/03/01 15:04:02 File Check Start
Date: 2013/03/01 15:04:08 File Check End
Date: 2013/03/01 15:04:08 Account Check Start
Date: 2013/03/01 15:04:09 Account Check End
Date: 2013/03/01 15:04:09 safelog Start
Date: 2013/03/01 15:04:13 safelog End
Date: 2013/03/01 15:04:13 resort Start
Date: 2013/03/01 15:04:21 resort End
Date: 2013/03/01 15:04:21 Backup syslog and crontab(root) Start
Date: 2013/03/01 15:04:21 Backup syslog and crontab(root) End
Date: 2013/03/01 15:06:04 scp csv to Working LPAR Start
Date: 2013/03/01 15:06:08 scp csv to Working LPAR End
Date: 2013/03/02 04:00:00 File Check Start
Date: 2013/03/02 04:00:10 File Check End
Date: 2013/03/02 04:00:10 Account Check Start
Date: 2013/03/02 04:00:11 Account Check End
Date: 2013/03/02 04:00:11 safelog Start
Date: 2013/03/02 04:00:15 safelog End
Date: 2013/03/02 04:00:15 resort Start
Date: 2013/03/02 04:02:42 resort End
Date: 2013/03/02 04:02:42 Backup syslog and crontab(root) Start
Date: 2013/03/02 04:02:42 Backup syslog and crontab(root) End
Date: 2013/03/02 05:00:01 scp csv to Working LPAR Start
Date: 2013/03/02 05:00:09 scp csv to Working LPAR End
Date: 2013/03/03 04:00:00 File Check Start
Date: 2013/03/03 04:00:08 File Check End
Date: 2013/03/03 04:00:08 Account Check Start
Date: 2013/03/03 04:00:09 Account Check End
Date: 2013/03/03 04:00:09 safelog Start
Date: 2013/03/03 04:00:14 safelog End
Date: 2013/03/03 04:00:14 resort Start
Date: 2013/03/03 04:00:21 resort End
Date: 2013/03/03 04:00:21 Backup syslog and crontab(root) Start
Date: 2013/03/03 04:00:21 Backup syslog and crontab(root) End
Date: 2013/03/03 05:00:00 scp csv to Working LPAR Start
Date: 2013/03/03 05:00:09 scp csv to Working LPAR End
Date: 2013/03/04 04:00:00 File Check Start
Date: 2013/03/04 04:00:10 File Check End
Date: 2013/03/04 04:00:10 Account Check Start
Date: 2013/03/04 04:00:11 Account Check End
Date: 2013/03/04 04:00:11 safelog Start
Date: 2013/03/04 04:00:16 safelog End
Date: 2013/03/04 04:00:16 resort Start
Date: 2013/03/04 04:00:23 resort End
Date: 2013/03/04 04:00:23 Backup syslog and crontab(root) Start
Date: 2013/03/04 04:00:23 Backup syslog and crontab(root) End
Date: 2013/03/04 05:00:00 scp csv to Working LPAR Start
Date: 2013/03/04 05:00:09 scp csv to Working LPAR End
Date: 2013/03/05 04:00:00 File Check Start
Date: 2013/03/05 04:00:08 File Check End
Date: 2013/03/05 04:00:08 Account Check Start
Date: 2013/03/05 04:00:09 Account Check End
Date: 2013/03/05 04:00:09 safelog Start
Date: 2013/03/05 04:00:13 safelog End
Date: 2013/03/05 04:00:14 resort Start
Date: 2013/03/05 04:00:21 resort End
Date: 2013/03/05 04:00:21 Backup syslog and crontab(root) Start
Date: 2013/03/05 04:00:21 Backup syslog and crontab(root) End
Date: 2013/03/05 05:00:00 scp csv to Working LPAR Start
Date: 2013/03/05 05:00:09 scp csv to Working LPAR End
Date: 2013/03/06 04:00:00 File Check Start
Date: 2013/03/06 04:00:08 File Check End
Date: 2013/03/06 04:00:08 Account Check Start
Date: 2013/03/06 04:00:09 Account Check End
Date: 2013/03/06 04:00:09 safelog Start
Date: 2013/03/06 04:00:14 safelog End
Date: 2013/03/06 04:00:14 resort Start
Date: 2013/03/06 04:00:45 resort End
Date: 2013/03/06 04:00:45 Backup syslog and crontab(root) Start
Date: 2013/03/06 04:00:45 Backup syslog and crontab(root) End
Date: 2013/03/06 05:00:01 scp csv to Working LPAR Start
Date: 2013/03/06 05:00:10 scp csv to Working LPAR End
Date: 2013/03/07 04:00:00 File Check Start
Date: 2013/03/07 04:00:09 File Check End
Date: 2013/03/07 04:00:09 Account Check Start
Date: 2013/03/07 04:00:10 Account Check End
Date: 2013/03/07 04:00:10 safelog Start
Date: 2013/03/07 04:00:15 safelog End
Date: 2013/03/07 04:00:15 resort Start
Date: 2013/03/07 04:00:51 resort End
Date: 2013/03/07 04:00:51 Backup syslog and crontab(root) Start
Date: 2013/03/07 04:00:51 Backup syslog and crontab(root) End
Date: 2013/03/07 05:00:01 scp csv to Working LPAR Start
Date: 2013/03/07 05:00:10 scp csv to Working LPAR End
Date: 2013/03/08 04:00:00 File Check Start
Date: 2013/03/08 04:00:09 File Check End
Date: 2013/03/08 04:00:09 Account Check Start
Date: 2013/03/08 04:00:09 Account Check End
Date: 2013/03/08 04:00:09 safelog Start
Date: 2013/03/08 04:00:14 safelog End
Date: 2013/03/08 04:00:14 resort Start
Date: 2013/03/08 04:00:37 resort End
Date: 2013/03/08 04:00:37 Backup syslog and crontab(root) Start
Date: 2013/03/08 04:00:38 Backup syslog and crontab(root) End
Date: 2013/03/08 05:00:00 scp csv to Working LPAR Start
Date: 2013/03/08 05:00:10 scp csv to Working LPAR End
Date: 2013/03/09 04:00:01 File Check Start
Date: 2013/03/09 04:00:09 File Check End
Date: 2013/03/09 04:00:09 Account Check Start
Date: 2013/03/09 04:00:10 Account Check End
Date: 2013/03/09 04:00:10 safelog Start
Date: 2013/03/09 04:00:14 safelog End
Date: 2013/03/09 04:00:14 resort Start
Date: 2013/03/09 04:00:32 resort End
Date: 2013/03/09 04:00:32 Backup syslog and crontab(root) Start
Date: 2013/03/09 04:00:33 Backup syslog and crontab(root) End
Date: 2013/03/09 05:00:00 scp csv to Working LPAR Start
Date: 2013/03/09 05:00:10 scp csv to Working LPAR End
Date: 2013/03/10 04:00:00 File Check Start
Date: 2013/03/10 04:00:10 File Check End
Date: 2013/03/10 04:00:10 Account Check Start
Date: 2013/03/10 04:00:11 Account Check End
Date: 2013/03/10 04:00:11 safelog Start
Date: 2013/03/10 04:00:15 safelog End
Date: 2013/03/10 04:00:15 resort Start
Date: 2013/03/10 04:00:22 resort End
Date: 2013/03/10 04:00:22 Backup syslog and crontab(root) Start
Date: 2013/03/10 04:00:22 Backup syslog and crontab(root) End
Date: 2013/03/10 05:00:00 scp csv to Working LPAR Start
Date: 2013/03/10 05:00:10 scp csv to Working LPAR End
Date: 2013/03/11 04:00:00 File Check Start
Date: 2013/03/11 04:00:08 File Check End
Date: 2013/03/11 04:00:08 Account Check Start
Date: 2013/03/11 04:00:09 Account Check End
Date: 2013/03/11 04:00:09 safelog Start
Date: 2013/03/11 04:00:14 safelog End
Date: 2013/03/11 04:00:14 resort Start
Date: 2013/03/11 04:00:21 resort End
Date: 2013/03/11 04:00:21 Backup syslog and crontab(root) Start
Date: 2013/03/11 04:00:21 Backup syslog and crontab(root) End
Date: 2013/03/11 05:00:01 scp csv to Working LPAR Start
Date: 2013/03/11 05:00:10 scp csv to Working LPAR End
